Arguments: 
  /Users/noahwaldner/.asdf/installs/nodejs/18.12.1/bin/node /Users/noahwaldner/.asdf/installs/nodejs/18.12.1/bin/yarn add pass-js fs

PATH: 
  /Users/noahwaldner/.asdf/plugins/nodejs/shims:/Users/noahwaldner/.asdf/installs/nodejs/18.12.1/bin:/Users/noahwaldner/.asdf/shims:/opt/homebrew/opt/asdf/libexec/bin:/opt/homebrew/bin:/opt/homebrew/sbin:/usr/local/bin:/System/Cryptexes/App/usr/bin:/usr/bin:/bin:/usr/sbin:/sbin:/Applications/VMware Fusion.app/Contents/Public:/usr/local/share/dotnet:~/.dotnet/tools

Yarn version: 
  1.22.19

Node version: 
  18.12.1

Platform: 
  darwin arm64

Trace: 
  Error: https://registry.yarnpkg.com/pass-js: Not found
      at params.callback [as _callback] (/Users/noahwaldner/.asdf/installs/nodejs/18.12.1/lib/node_modules/yarn/lib/cli.js:66145:18)
      at self.callback (/Users/noahwaldner/.asdf/installs/nodejs/18.12.1/lib/node_modules/yarn/lib/cli.js:140890:22)
      at Request.emit (node:events:513:28)
      at Request.<anonymous> (/Users/noahwaldner/.asdf/installs/nodejs/18.12.1/lib/node_modules/yarn/lib/cli.js:141862:10)
      at Request.emit (node:events:513:28)
      at IncomingMessage.<anonymous> (/Users/noahwaldner/.asdf/installs/nodejs/18.12.1/lib/node_modules/yarn/lib/cli.js:141784:12)
      at Object.onceWrapper (node:events:627:28)
      at IncomingMessage.emit (node:events:525:35)
      at endReadableNT (node:internal/streams/readable:1359:12)
      at process.processTicksAndRejections (node:internal/process/task_queues:82:21)

npm manifest: 
  {
    "name": "passkit",
    "version": "1.0.0",
    "description": "",
    "main": "tets.js",
    "scripts": {
      "test": "echo \"Error: no test specified\" && exit 1"
    },
    "author": "",
    "license": "ISC"
  }

yarn manifest: 
  No manifest

Lockfile: 
  No lockfile
